
./main-optimized-level-3:     file format elf64-x86-64


Disassembly of section .init:

00000000004003f0 <_init>:
  4003f0:	48 83 ec 08          	sub    $0x8,%rsp
  4003f4:	48 8b 05 fd 0b 20 00 	mov    0x200bfd(%rip),%rax        # 600ff8 <_DYNAMIC+0x1d0>
  4003fb:	48 85 c0             	test   %rax,%rax
  4003fe:	74 05                	je     400405 <_init+0x15>
  400400:	e8 3b 00 00 00       	callq  400440 <__printf_chk@plt+0x10>
  400405:	48 83 c4 08          	add    $0x8,%rsp
  400409:	c3                   	retq   

Disassembly of section .plt:

0000000000400410 <__libc_start_main@plt-0x10>:
  400410:	ff 35 f2 0b 20 00    	pushq  0x200bf2(%rip)        # 601008 <_GLOBAL_OFFSET_TABLE_+0x8>
  400416:	ff 25 f4 0b 20 00    	jmpq   *0x200bf4(%rip)        # 601010 <_GLOBAL_OFFSET_TABLE_+0x10>
  40041c:	0f 1f 40 00          	nopl   0x0(%rax)

0000000000400420 <__libc_start_main@plt>:
  400420:	ff 25 f2 0b 20 00    	jmpq   *0x200bf2(%rip)        # 601018 <_GLOBAL_OFFSET_TABLE_+0x18>
  400426:	68 00 00 00 00       	pushq  $0x0
  40042b:	e9 e0 ff ff ff       	jmpq   400410 <_init+0x20>

0000000000400430 <__printf_chk@plt>:
  400430:	ff 25 ea 0b 20 00    	jmpq   *0x200bea(%rip)        # 601020 <_GLOBAL_OFFSET_TABLE_+0x20>
  400436:	68 01 00 00 00       	pushq  $0x1
  40043b:	e9 d0 ff ff ff       	jmpq   400410 <_init+0x20>

Disassembly of section .plt.got:

0000000000400440 <.plt.got>:
  400440:	ff 25 b2 0b 20 00    	jmpq   *0x200bb2(%rip)        # 600ff8 <_DYNAMIC+0x1d0>
  400446:	66 90                	xchg   %ax,%ax

Disassembly of section .text:

0000000000400450 <main>:
  400450:	48 83 ec 08          	sub    $0x8,%rsp
  400454:	31 d2                	xor    %edx,%edx
  400456:	be 34 07 40 00       	mov    $0x400734,%esi
  40045b:	bf 01 00 00 00       	mov    $0x1,%edi
  400460:	31 c0                	xor    %eax,%eax
  400462:	e8 c9 ff ff ff       	callq  400430 <__printf_chk@plt>
  400467:	31 c0                	xor    %eax,%eax
  400469:	48 83 c4 08          	add    $0x8,%rsp
  40046d:	c3                   	retq   
  40046e:	66 90                	xchg   %ax,%ax

0000000000400470 <_start>:
  400470:	31 ed                	xor    %ebp,%ebp
  400472:	49 89 d1             	mov    %rdx,%r9
  400475:	5e                   	pop    %rsi
  400476:	48 89 e2             	mov    %rsp,%rdx
  400479:	48 83 e4 f0          	and    $0xfffffffffffffff0,%rsp
  40047d:	50                   	push   %rax
  40047e:	54                   	push   %rsp
  40047f:	49 c7 c0 20 07 40 00 	mov    $0x400720,%r8
  400486:	48 c7 c1 b0 06 40 00 	mov    $0x4006b0,%rcx
  40048d:	48 c7 c7 50 04 40 00 	mov    $0x400450,%rdi
  400494:	e8 87 ff ff ff       	callq  400420 <__libc_start_main@plt>
  400499:	f4                   	hlt    
  40049a:	66 0f 1f 44 00 00    	nopw   0x0(%rax,%rax,1)

00000000004004a0 <deregister_tm_clones>:
  4004a0:	b8 3f 10 60 00       	mov    $0x60103f,%eax
  4004a5:	55                   	push   %rbp
  4004a6:	48 2d 38 10 60 00    	sub    $0x601038,%rax
  4004ac:	48 83 f8 0e          	cmp    $0xe,%rax
  4004b0:	48 89 e5             	mov    %rsp,%rbp
  4004b3:	76 1b                	jbe    4004d0 <deregister_tm_clones+0x30>
  4004b5:	b8 00 00 00 00       	mov    $0x0,%eax
  4004ba:	48 85 c0             	test   %rax,%rax
  4004bd:	74 11                	je     4004d0 <deregister_tm_clones+0x30>
  4004bf:	5d                   	pop    %rbp
  4004c0:	bf 38 10 60 00       	mov    $0x601038,%edi
  4004c5:	ff e0                	jmpq   *%rax
  4004c7:	66 0f 1f 84 00 00 00 	nopw   0x0(%rax,%rax,1)
  4004ce:	00 00 
  4004d0:	5d                   	pop    %rbp
  4004d1:	c3                   	retq   
  4004d2:	0f 1f 40 00          	nopl   0x0(%rax)
  4004d6:	66 2e 0f 1f 84 00 00 	nopw   %cs:0x0(%rax,%rax,1)
  4004dd:	00 00 00 

00000000004004e0 <register_tm_clones>:
  4004e0:	be 38 10 60 00       	mov    $0x601038,%esi
  4004e5:	55                   	push   %rbp
  4004e6:	48 81 ee 38 10 60 00 	sub    $0x601038,%rsi
  4004ed:	48 c1 fe 03          	sar    $0x3,%rsi
  4004f1:	48 89 e5             	mov    %rsp,%rbp
  4004f4:	48 89 f0             	mov    %rsi,%rax
  4004f7:	48 c1 e8 3f          	shr    $0x3f,%rax
  4004fb:	48 01 c6             	add    %rax,%rsi
  4004fe:	48 d1 fe             	sar    %rsi
  400501:	74 15                	je     400518 <register_tm_clones+0x38>
  400503:	b8 00 00 00 00       	mov    $0x0,%eax
  400508:	48 85 c0             	test   %rax,%rax
  40050b:	74 0b                	je     400518 <register_tm_clones+0x38>
  40050d:	5d                   	pop    %rbp
  40050e:	bf 38 10 60 00       	mov    $0x601038,%edi
  400513:	ff e0                	jmpq   *%rax
  400515:	0f 1f 00             	nopl   (%rax)
  400518:	5d                   	pop    %rbp
  400519:	c3                   	retq   
  40051a:	66 0f 1f 44 00 00    	nopw   0x0(%rax,%rax,1)

0000000000400520 <__do_global_dtors_aux>:
  400520:	80 3d 11 0b 20 00 00 	cmpb   $0x0,0x200b11(%rip)        # 601038 <__TMC_END__>
  400527:	75 11                	jne    40053a <__do_global_dtors_aux+0x1a>
  400529:	55                   	push   %rbp
  40052a:	48 89 e5             	mov    %rsp,%rbp
  40052d:	e8 6e ff ff ff       	callq  4004a0 <deregister_tm_clones>
  400532:	5d                   	pop    %rbp
  400533:	c6 05 fe 0a 20 00 01 	movb   $0x1,0x200afe(%rip)        # 601038 <__TMC_END__>
  40053a:	f3 c3                	repz retq 
  40053c:	0f 1f 40 00          	nopl   0x0(%rax)

0000000000400540 <frame_dummy>:
  400540:	bf 20 0e 60 00       	mov    $0x600e20,%edi
  400545:	48 83 3f 00          	cmpq   $0x0,(%rdi)
  400549:	75 05                	jne    400550 <frame_dummy+0x10>
  40054b:	eb 93                	jmp    4004e0 <register_tm_clones>
  40054d:	0f 1f 00             	nopl   (%rax)
  400550:	b8 00 00 00 00       	mov    $0x0,%eax
  400555:	48 85 c0             	test   %rax,%rax
  400558:	74 f1                	je     40054b <frame_dummy+0xb>
  40055a:	55                   	push   %rbp
  40055b:	48 89 e5             	mov    %rsp,%rbp
  40055e:	ff d0                	callq  *%rax
  400560:	5d                   	pop    %rbp
  400561:	e9 7a ff ff ff       	jmpq   4004e0 <register_tm_clones>
  400566:	66 2e 0f 1f 84 00 00 	nopw   %cs:0x0(%rax,%rax,1)
  40056d:	00 00 00 

0000000000400570 <proc>:
  400570:	48 89 f8             	mov    %rdi,%rax
  400573:	83 e0 0f             	and    $0xf,%eax
  400576:	48 c1 e8 02          	shr    $0x2,%rax
  40057a:	48 f7 d8             	neg    %rax
  40057d:	83 e0 03             	and    $0x3,%eax
  400580:	0f 84 ba 00 00 00    	je     400640 <proc+0xd0>
  400586:	83 f8 01             	cmp    $0x1,%eax
  400589:	8b 37                	mov    (%rdi),%esi
  40058b:	0f 84 ef 00 00 00    	je     400680 <proc+0x110>
  400591:	03 77 04             	add    0x4(%rdi),%esi
  400594:	83 f8 03             	cmp    $0x3,%eax
  400597:	0f 85 cb 00 00 00    	jne    400668 <proc+0xf8>
  40059d:	03 77 08             	add    0x8(%rdi),%esi
  4005a0:	41 b9 3d 42 0f 00    	mov    $0xf423d,%r9d
  4005a6:	41 b8 03 00 00 00    	mov    $0x3,%r8d
  4005ac:	41 ba 40 42 0f 00    	mov    $0xf4240,%r10d
  4005b2:	89 c2                	mov    %eax,%edx
  4005b4:	41 bb 3c 42 0f 00    	mov    $0xf423c,%r11d
  4005ba:	41 29 c2             	sub    %eax,%r10d
  4005bd:	b9 8f d0 03 00       	mov    $0x3d08f,%ecx
  4005c2:	66 0f ef c0          	pxor   %xmm0,%xmm0
  4005c6:	48 8d 14 97          	lea    (%rdi,%rdx,4),%rdx
  4005ca:	31 c0                	xor    %eax,%eax
  4005cc:	0f 1f 40 00          	nopl   0x0(%rax)
  4005d0:	83 c0 01             	add    $0x1,%eax
  4005d3:	66 0f fe 02          	paddd  (%rdx),%xmm0
  4005d7:	48 83 c2 10          	add    $0x10,%rdx
  4005db:	39 c8                	cmp    %ecx,%eax
  4005dd:	72 f1                	jb     4005d0 <proc+0x60>
  4005df:	66 0f 6f c8          	movdqa %xmm0,%xmm1
  4005e3:	44 89 c9             	mov    %r9d,%ecx
  4005e6:	44 29 d9             	sub    %r11d,%ecx
  4005e9:	43 8d 14 03          	lea    (%r11,%r8,1),%edx
  4005ed:	66 0f 73 d9 08       	psrldq $0x8,%xmm1
  4005f2:	66 0f fe c1          	paddd  %xmm1,%xmm0
  4005f6:	66 0f 6f c8          	movdqa %xmm0,%xmm1
  4005fa:	66 0f 73 d9 04       	psrldq $0x4,%xmm1
  4005ff:	66 0f fe c1          	paddd  %xmm1,%xmm0
  400603:	66 0f 7e c0          	movd   %xmm0,%eax
  400607:	01 f0                	add    %esi,%eax
  400609:	45 39 da             	cmp    %r11d,%r10d
  40060c:	74 2a                	je     400638 <proc+0xc8>
  40060e:	48 63 f2             	movslq %edx,%rsi
  400611:	03 04 b7             	add    (%rdi,%rsi,4),%eax
  400614:	83 f9 01             	cmp    $0x1,%ecx
  400617:	8d 72 01             	lea    0x1(%rdx),%esi
  40061a:	74 1c                	je     400638 <proc+0xc8>
  40061c:	48 63 f6             	movslq %esi,%rsi
  40061f:	83 c2 02             	add    $0x2,%edx
  400622:	03 04 b7             	add    (%rdi,%rsi,4),%eax
  400625:	83 f9 02             	cmp    $0x2,%ecx
  400628:	74 0e                	je     400638 <proc+0xc8>
  40062a:	48 63 d2             	movslq %edx,%rdx
  40062d:	03 04 97             	add    (%rdi,%rdx,4),%eax
  400630:	c3                   	retq   
  400631:	0f 1f 80 00 00 00 00 	nopl   0x0(%rax)
  400638:	f3 c3                	repz retq 
  40063a:	66 0f 1f 44 00 00    	nopw   0x0(%rax,%rax,1)
  400640:	41 bb 40 42 0f 00    	mov    $0xf4240,%r11d
  400646:	b9 90 d0 03 00       	mov    $0x3d090,%ecx
  40064b:	41 ba 40 42 0f 00    	mov    $0xf4240,%r10d
  400651:	31 d2                	xor    %edx,%edx
  400653:	41 b9 40 42 0f 00    	mov    $0xf4240,%r9d
  400659:	45 31 c0             	xor    %r8d,%r8d
  40065c:	31 f6                	xor    %esi,%esi
  40065e:	e9 5f ff ff ff       	jmpq   4005c2 <proc+0x52>
  400663:	0f 1f 44 00 00       	nopl   0x0(%rax,%rax,1)
  400668:	41 b9 3e 42 0f 00    	mov    $0xf423e,%r9d
  40066e:	41 b8 02 00 00 00    	mov    $0x2,%r8d
  400674:	e9 33 ff ff ff       	jmpq   4005ac <proc+0x3c>
  400679:	0f 1f 80 00 00 00 00 	nopl   0x0(%rax)
  400680:	41 b9 3f 42 0f 00    	mov    $0xf423f,%r9d
  400686:	41 b8 01 00 00 00    	mov    $0x1,%r8d
  40068c:	e9 1b ff ff ff       	jmpq   4005ac <proc+0x3c>
  400691:	0f 1f 44 00 00       	nopl   0x0(%rax,%rax,1)
  400696:	66 2e 0f 1f 84 00 00 	nopw   %cs:0x0(%rax,%rax,1)
  40069d:	00 00 00 

00000000004006a0 <allocateAndInitialize>:
  4006a0:	f3 c3                	repz retq 
  4006a2:	66 2e 0f 1f 84 00 00 	nopw   %cs:0x0(%rax,%rax,1)
  4006a9:	00 00 00 
  4006ac:	0f 1f 40 00          	nopl   0x0(%rax)

00000000004006b0 <__libc_csu_init>:
  4006b0:	41 57                	push   %r15
  4006b2:	41 56                	push   %r14
  4006b4:	41 89 ff             	mov    %edi,%r15d
  4006b7:	41 55                	push   %r13
  4006b9:	41 54                	push   %r12
  4006bb:	4c 8d 25 4e 07 20 00 	lea    0x20074e(%rip),%r12        # 600e10 <__frame_dummy_init_array_entry>
  4006c2:	55                   	push   %rbp
  4006c3:	48 8d 2d 4e 07 20 00 	lea    0x20074e(%rip),%rbp        # 600e18 <__init_array_end>
  4006ca:	53                   	push   %rbx
  4006cb:	49 89 f6             	mov    %rsi,%r14
  4006ce:	49 89 d5             	mov    %rdx,%r13
  4006d1:	4c 29 e5             	sub    %r12,%rbp
  4006d4:	48 83 ec 08          	sub    $0x8,%rsp
  4006d8:	48 c1 fd 03          	sar    $0x3,%rbp
  4006dc:	e8 0f fd ff ff       	callq  4003f0 <_init>
  4006e1:	48 85 ed             	test   %rbp,%rbp
  4006e4:	74 20                	je     400706 <__libc_csu_init+0x56>
  4006e6:	31 db                	xor    %ebx,%ebx
  4006e8:	0f 1f 84 00 00 00 00 	nopl   0x0(%rax,%rax,1)
  4006ef:	00 
  4006f0:	4c 89 ea             	mov    %r13,%rdx
  4006f3:	4c 89 f6             	mov    %r14,%rsi
  4006f6:	44 89 ff             	mov    %r15d,%edi
  4006f9:	41 ff 14 dc          	callq  *(%r12,%rbx,8)
  4006fd:	48 83 c3 01          	add    $0x1,%rbx
  400701:	48 39 eb             	cmp    %rbp,%rbx
  400704:	75 ea                	jne    4006f0 <__libc_csu_init+0x40>
  400706:	48 83 c4 08          	add    $0x8,%rsp
  40070a:	5b                   	pop    %rbx
  40070b:	5d                   	pop    %rbp
  40070c:	41 5c                	pop    %r12
  40070e:	41 5d                	pop    %r13
  400710:	41 5e                	pop    %r14
  400712:	41 5f                	pop    %r15
  400714:	c3                   	retq   
  400715:	90                   	nop
  400716:	66 2e 0f 1f 84 00 00 	nopw   %cs:0x0(%rax,%rax,1)
  40071d:	00 00 00 

0000000000400720 <__libc_csu_fini>:
  400720:	f3 c3                	repz retq 

Disassembly of section .fini:

0000000000400724 <_fini>:
  400724:	48 83 ec 08          	sub    $0x8,%rsp
  400728:	48 83 c4 08          	add    $0x8,%rsp
  40072c:	c3                   	retq   
